<?xml version="1.0" encoding="UTF-8"?>
<!-- Generated by org.testng.reporters.JUnitXMLReporter -->
<testsuite hostname="Abhi-PC" name="Default test" tests="3" failures="0" timestamp="25 Apr 2017 01:14:34 GMT" time="0.098" errors="0">
  <testcase name="f" time="0.027" classname="com.testng.com.NewTest"/>
  <testcase name="testCaseConditionalSkipException" time="0.005" classname="com.testng.com.NewTest"/>
  <testcase name="testCaseSkipException" time="0.008" classname="com.testng.com.NewTest">
    <skipped/>
  </testcase> <!-- testCaseSkipException -->
</testsuite> <!-- Default test -->
